<?xml version="1.0" encoding="UTF-8"?>
<testng-results ignored="0" total="1" passed="1" failed="0" skipped="0">
  <reporter-output>
  </reporter-output>
  <suite started-at="2022-02-09T14:24:03 IST" name="Default suite" finished-at="2022-02-09T14:24:03 IST" duration-ms="56">
    <groups>
    </groups>
    <test started-at="2022-02-09T14:24:03 IST" name="Default test" finished-at="2022-02-09T14:24:03 IST" duration-ms="56">
      <class name="Config.ReadProperty">
        <test-method is-config="true" signature="beforeMethod()[pri:0, instance:Config.ReadProperty@661972b0]" started-at="2022-02-09T14:24:03 IST" name="beforeMethod" finished-at="2022-02-09T14:24:03 IST" duration-ms="5" status="PASS">
          <reporter-output>
          </reporter-output>
        </test-method> <!-- beforeMethod -->
        <test-method signature="f()[pri:0, instance:Config.ReadProperty@661972b0]" started-at="2022-02-09T14:24:03 IST" name="f" finished-at="2022-02-09T14:24:03 IST" duration-ms="6" status="PASS">
          <reporter-output>
          </reporter-output>
        </test-method> <!-- f -->
        <test-method is-config="true" signature="afterMethod()[pri:0, instance:Config.ReadProperty@661972b0]" started-at="2022-02-09T14:24:03 IST" name="afterMethod" finished-at="2022-02-09T14:24:03 IST" duration-ms="0" status="PASS">
          <reporter-output>
          </reporter-output>
        </test-method> <!-- afterMethod -->
      </class> <!-- Config.ReadProperty -->
    </test> <!-- Default test -->
  </suite> <!-- Default suite -->
</testng-results>
