<?xml version="1.0" encoding="UTF-8"?>
<testng-results ignored="0" total="1" passed="1" failed="0" skipped="0">
  <reporter-output>
  </reporter-output>
  <suite started-at="2022-02-08T16:53:14 IST" name="Default suite" finished-at="2022-02-08T16:53:45 IST" duration-ms="30757">
    <groups>
    </groups>
    <test started-at="2022-02-08T16:53:14 IST" name="Default test" finished-at="2022-02-08T16:53:45 IST" duration-ms="30757">
      <class name="DragAndDrop.WithoutSendKeys">
        <test-method is-config="true" signature="beforeMethod()[pri:0, instance:DragAndDrop.WithoutSendKeys@2e005c4b]" started-at="2022-02-08T16:53:14 IST" name="beforeMethod" finished-at="2022-02-08T16:53:39 IST" duration-ms="25214" status="PASS">
          <reporter-output>
          </reporter-output>
        </test-method> <!-- beforeMethod -->
        <test-method signature="f()[pri:0, instance:DragAndDrop.WithoutSendKeys@2e005c4b]" started-at="2022-02-08T16:53:39 IST" name="f" finished-at="2022-02-08T16:53:45 IST" duration-ms="5132" status="PASS">
          <reporter-output>
          </reporter-output>
        </test-method> <!-- f -->
        <test-method is-config="true" signature="afterMethod()[pri:0, instance:DragAndDrop.WithoutSendKeys@2e005c4b]" started-at="2022-02-08T16:53:45 IST" name="afterMethod" finished-at="2022-02-08T16:53:45 IST" duration-ms="341" status="PASS">
          <reporter-output>
          </reporter-output>
        </test-method> <!-- afterMethod -->
      </class> <!-- DragAndDrop.WithoutSendKeys -->
    </test> <!-- Default test -->
  </suite> <!-- Default suite -->
</testng-results>
