<?xml version="1.0" encoding="UTF-8"?>
<testng-results ignored="0" total="1" passed="1" failed="0" skipped="0">
  <reporter-output>
  </reporter-output>
  <suite started-at="2022-02-07T12:56:03 IST" name="Default suite" finished-at="2022-02-07T12:56:17 IST" duration-ms="13924">
    <groups>
    </groups>
    <test started-at="2022-02-07T12:56:03 IST" name="Default test" finished-at="2022-02-07T12:56:17 IST" duration-ms="13924">
      <class name="Assignment1.SetUp">
        <test-method is-config="true" signature="beforeSuite()[pri:0, instance:Assignment1.SetUp@9597028]" started-at="2022-02-07T12:56:03 IST" name="beforeSuite" finished-at="2022-02-07T12:56:03 IST" duration-ms="10" status="PASS">
          <reporter-output>
          </reporter-output>
        </test-method> <!-- beforeSuite -->
        <test-method is-config="true" signature="beforeTest()[pri:0, instance:Assignment1.SetUp@9597028]" started-at="2022-02-07T12:56:03 IST" name="beforeTest" finished-at="2022-02-07T12:56:03 IST" duration-ms="1" status="PASS">
          <reporter-output>
          </reporter-output>
        </test-method> <!-- beforeTest -->
        <test-method is-config="true" signature="beforeClass()[pri:0, instance:Assignment1.SetUp@9597028]" started-at="2022-02-07T12:56:03 IST" name="beforeClass" finished-at="2022-02-07T12:56:03 IST" duration-ms="0" status="PASS">
          <reporter-output>
          </reporter-output>
        </test-method> <!-- beforeClass -->
        <test-method is-config="true" signature="beforeMethod()[pri:0, instance:Assignment1.SetUp@9597028]" started-at="2022-02-07T12:56:03 IST" name="beforeMethod" finished-at="2022-02-07T12:56:08 IST" duration-ms="5091" status="PASS">
          <reporter-output>
          </reporter-output>
        </test-method> <!-- beforeMethod -->
        <test-method signature="open()[pri:0, instance:Assignment1.SetUp@9597028]" started-at="2022-02-07T12:56:08 IST" name="open" finished-at="2022-02-07T12:56:12 IST" duration-ms="4358" status="PASS">
          <reporter-output>
          </reporter-output>
        </test-method> <!-- open -->
        <test-method is-config="true" signature="afterMethod()[pri:0, instance:Assignment1.SetUp@9597028]" started-at="2022-02-07T12:56:12 IST" name="afterMethod" finished-at="2022-02-07T12:56:17 IST" duration-ms="4423" status="PASS">
          <reporter-output>
          </reporter-output>
        </test-method> <!-- afterMethod -->
        <test-method is-config="true" signature="afterClass()[pri:0, instance:Assignment1.SetUp@9597028]" started-at="2022-02-07T12:56:17 IST" name="afterClass" finished-at="2022-02-07T12:56:17 IST" duration-ms="0" status="PASS">
          <reporter-output>
          </reporter-output>
        </test-method> <!-- afterClass -->
        <test-method is-config="true" signature="afterTest()[pri:0, instance:Assignment1.SetUp@9597028]" started-at="2022-02-07T12:56:17 IST" name="afterTest" finished-at="2022-02-07T12:56:17 IST" duration-ms="0" status="PASS">
          <reporter-output>
          </reporter-output>
        </test-method> <!-- afterTest -->
        <test-method is-config="true" signature="afterSuite()[pri:0, instance:Assignment1.SetUp@9597028]" started-at="2022-02-07T12:56:17 IST" name="afterSuite" finished-at="2022-02-07T12:56:17 IST" duration-ms="0" status="PASS">
          <reporter-output>
          </reporter-output>
        </test-method> <!-- afterSuite -->
      </class> <!-- Assignment1.SetUp -->
    </test> <!-- Default test -->
  </suite> <!-- Default suite -->
</testng-results>
