<?xml version="1.0" encoding="UTF-8"?>
<testng-results ignored="0" total="1" passed="1" failed="0" skipped="0">
  <reporter-output>
  </reporter-output>
  <suite started-at="2022-02-10T19:40:53 IST" name="Suite" finished-at="2022-02-10T19:41:38 IST" duration-ms="44619">
    <groups>
    </groups>
    <test started-at="2022-02-10T19:40:53 IST" name="Test" finished-at="2022-02-10T19:41:38 IST" duration-ms="44619">
      <class name="Assignment3.DataProviderTest">
        <test-method is-config="true" signature="beforeMethod()[pri:0, instance:Assignment3.DataProviderTest@c33b74f]" started-at="2022-02-10T19:40:53 IST" name="beforeMethod" finished-at="2022-02-10T19:41:02 IST" duration-ms="8957" status="PASS">
          <reporter-output>
          </reporter-output>
        </test-method> <!-- beforeMethod -->
        <test-method signature="f(java.lang.String,java.lang.String)[pri:0, instance:Assignment3.DataProviderTest@c33b74f]" started-at="2022-02-10T19:41:02 IST" name="f" data-provider="credentials" finished-at="2022-02-10T19:41:34 IST" duration-ms="31326" status="PASS">
          <params>
            <param index="0">
              <value>
                <![CDATA[radhi]]>
              </value>
            </param>
            <param index="1">
              <value>
                <![CDATA[radhi123]]>
              </value>
            </param>
          </params>
          <reporter-output>
          </reporter-output>
        </test-method> <!-- f -->
        <test-method is-config="true" signature="afterMethod()[pri:0, instance:Assignment3.DataProviderTest@c33b74f]" started-at="2022-02-10T19:41:34 IST" name="afterMethod" finished-at="2022-02-10T19:41:38 IST" duration-ms="4306" status="PASS">
          <reporter-output>
          </reporter-output>
        </test-method> <!-- afterMethod -->
      </class> <!-- Assignment3.DataProviderTest -->
    </test> <!-- Test -->
  </suite> <!-- Suite -->
</testng-results>
