<?xml version="1.0" encoding="UTF-8"?>
<testng-results ignored="0" total="1" passed="1" failed="0" skipped="0">
  <reporter-output>
  </reporter-output>
  <suite started-at="2022-02-09T16:56:27 IST" name="Default suite" finished-at="2022-02-09T16:57:00 IST" duration-ms="33216">
    <groups>
    </groups>
    <test started-at="2022-02-09T16:56:27 IST" name="Default test" finished-at="2022-02-09T16:57:00 IST" duration-ms="33216">
      <class name="Assignment4.SwitchTab">
        <test-method is-config="true" signature="beforeMethod()[pri:0, instance:Assignment4.SwitchTab@2e005c4b]" started-at="2022-02-09T16:56:27 IST" name="beforeMethod" finished-at="2022-02-09T16:56:44 IST" duration-ms="17047" status="PASS">
          <reporter-output>
          </reporter-output>
        </test-method> <!-- beforeMethod -->
        <test-method signature="f()[pri:0, instance:Assignment4.SwitchTab@2e005c4b]" started-at="2022-02-09T16:56:44 IST" name="f" finished-at="2022-02-09T16:57:00 IST" duration-ms="15843" status="PASS">
          <reporter-output>
          </reporter-output>
        </test-method> <!-- f -->
        <test-method is-config="true" signature="afterMethod()[pri:0, instance:Assignment4.SwitchTab@2e005c4b]" started-at="2022-02-09T16:57:00 IST" name="afterMethod" finished-at="2022-02-09T16:57:00 IST" duration-ms="277" status="PASS">
          <reporter-output>
          </reporter-output>
        </test-method> <!-- afterMethod -->
      </class> <!-- Assignment4.SwitchTab -->
    </test> <!-- Default test -->
  </suite> <!-- Default suite -->
</testng-results>
